<?xml version="1.0" encoding="UTF-8"?>
<testng-results ignored="0" total="1" passed="1" failed="0" skipped="0">
  <reporter-output>
  </reporter-output>
  <suite started-at="2024-07-10T18:58:06 IST" name="Suite" finished-at="2024-07-10T18:58:46 IST" duration-ms="40609">
    <groups>
    </groups>
    <test started-at="2024-07-10T18:58:06 IST" name="Test" finished-at="2024-07-10T18:58:46 IST" duration-ms="40609">
      <class name="com.fleapo.tests.LoginTest">
        <test-method is-config="true" signature="setup()[pri:0, instance:com.fleapo.tests.LoginTest@4ebff610]" started-at="2024-07-10T18:58:06 IST" name="setup" finished-at="2024-07-10T18:58:16 IST" duration-ms="10566" status="PASS">
          <reporter-output>
          </reporter-output>
        </test-method> <!-- setup -->
        <test-method signature="test_Valid_Successfull_Login()[pri:0, instance:com.fleapo.tests.LoginTest@4ebff610]" started-at="2024-07-10T18:58:16 IST" name="test_Valid_Successfull_Login" finished-at="2024-07-10T18:58:44 IST" duration-ms="27880" status="PASS">
          <reporter-output>
          </reporter-output>
        </test-method> <!-- test_Valid_Successfull_Login -->
        <test-method is-config="true" signature="tearDown()[pri:0, instance:com.fleapo.tests.LoginTest@4ebff610]" started-at="2024-07-10T18:58:44 IST" name="tearDown" finished-at="2024-07-10T18:58:46 IST" duration-ms="1888" status="PASS">
          <reporter-output>
          </reporter-output>
        </test-method> <!-- tearDown -->
      </class> <!-- com.fleapo.tests.LoginTest -->
    </test> <!-- Test -->
  </suite> <!-- Suite -->
</testng-results>
